2026-04-08 12:36:01.935529 - Added field: id
2026-04-08 12:36:01.935529 - Added field: age
2026-04-08 12:36:01.950133 - Type changed: age
2026-04-08 12:36:01.950133 - Added field: email
2026-04-08 12:36:01.964515 - Added field: name
2026-04-08 12:36:01.980683 - Added field: phone
2026-04-08 12:36:01.994446 - Type changed: age
2026-04-08 15:45:50.919529 - Added field: id
2026-04-08 15:45:51.025344 - Added field: age
2026-04-08 15:45:51.032354 - Type changed: age
2026-04-08 15:45:51.032354 - Added field: email
2026-04-08 15:45:51.050992 - Added field: name
2026-04-08 15:45:51.068669 - Added field: phone
2026-04-08 15:45:51.086197 - Type changed: age
2026-04-08 15:45:51.099054 - Added field: location
2026-04-08 15:45:51.120158 - Added field: salary
2026-04-08 15:45:51.142560 - Type changed: age
2026-04-08 15:45:51.145640 - Added field: country
2026-04-08 15:45:51.164427 - Type changed: age
2026-04-08 15:45:51.187919 - Type changed: age
2026-04-08 16:20:25.741985 - Added field: id
2026-04-08 16:20:25.817350 - Added field: age
2026-04-08 16:20:25.817350 - Added field: name
2026-04-08 16:20:25.833501 - Type changed: age
2026-04-08 16:20:25.833501 - Added field: email
2026-04-08 16:20:25.866984 - Added field: city
2026-04-08 16:20:25.883791 - Added field: phone
2026-04-08 16:20:25.900841 - Type changed: age
2026-04-08 16:20:25.917655 - Added field: salary
2026-04-08 16:20:25.949146 - Added field: department
2026-04-08 16:20:25.967701 - Type changed: age
2026-04-08 16:20:25.983950 - Added field: bonus
2026-04-08 17:28:30.131762 - Added field: id
2026-04-08 17:28:30.222819 - Added field: age
2026-04-08 17:28:30.223821 - Added field: name
2026-04-08 17:28:30.239835 - Type changed: age
2026-04-08 17:28:30.241821 - Added field: email
2026-04-08 17:28:30.261065 - Added field: city
2026-04-08 17:28:30.281788 - Added field: phone
2026-04-08 17:28:30.299788 - Type changed: age
2026-04-08 17:28:30.304788 - Added field: salary
2026-04-08 17:28:30.319066 - Added field: department
2026-04-08 17:28:30.339884 - Type changed: age
2026-04-08 17:28:30.352797 - Added field: bonus
2026-04-08 17:28:30.368269 - Added field: country
2026-04-08 17:28:30.399758 - Type changed: age
2026-04-08 17:28:30.399758 - Type changed: bonus
2026-04-08 17:28:30.399758 - Type changed: age
2026-04-08 17:32:47.455163 - Added field: id
2026-04-08 17:32:47.466247 - Added field: age
2026-04-08 17:32:47.471245 - Added field: name
2026-04-08 17:32:47.497424 - Type changed: age
2026-04-08 17:32:47.500372 - Added field: email
2026-04-08 17:32:47.514763 - Added field: city
2026-04-08 17:32:47.553977 - Added field: phone
2026-04-08 17:32:47.577183 - Type changed: age
2026-04-08 17:32:47.589415 - Added field: salary
2026-04-08 17:32:47.617259 - Added field: department
2026-04-08 17:32:47.649484 - Type changed: age
2026-04-08 17:32:47.661243 - Added field: bonus
2026-04-08 17:32:47.687451 - Added field: country
2026-04-08 17:32:47.715276 - Type changed: age
2026-04-08 17:32:47.725268 - Type changed: bonus
2026-04-08 17:32:47.729614 - Type changed: age
2026-04-08 18:00:31.979492 - Added field: id
2026-04-08 18:00:31.983637 - Added field: age
2026-04-08 18:00:31.989666 - Added field: name
2026-04-08 18:00:32.005576 - Type changed: age
2026-04-08 18:00:32.007444 - Added field: email
2026-04-08 18:00:32.024649 - Added field: city
2026-04-08 18:00:32.041049 - Added field: phone
2026-04-08 18:00:32.056597 - Type changed: age
2026-04-08 18:00:32.061886 - Added field: salary
2026-04-08 18:00:32.078690 - Added field: department
2026-04-08 18:00:32.093232 - Type changed: age
2026-04-08 18:00:32.104131 - Added field: bonus
2026-04-08 18:00:32.122719 - Added field: country
2026-04-08 18:00:32.133573 - Type changed: age
2026-04-08 18:00:32.141657 - Type changed: bonus
2026-04-08 18:00:32.148398 - Type changed: age
2026-04-08 18:05:17.264282 - Added field: id
2026-04-08 18:05:17.268525 - Added field: age
2026-04-08 18:05:17.269778 - Added field: name
2026-04-08 18:05:17.286213 - Type changed: age
2026-04-08 18:05:17.287713 - Added field: email
2026-04-08 18:05:17.303642 - Added field: city
2026-04-08 18:05:17.320352 - Added field: phone
2026-04-08 18:05:17.336703 - Type changed: age
2026-04-08 18:05:17.344472 - Added field: salary
2026-04-08 18:05:17.365196 - Added field: department
2026-04-08 18:05:17.381048 - Type changed: age
2026-04-08 18:05:17.393273 - Added field: bonus
2026-04-08 18:05:17.414357 - Added field: country
2026-04-08 18:05:17.431046 - Type changed: age
2026-04-08 18:05:17.439105 - Type changed: bonus
2026-04-08 18:05:17.439105 - Type changed: age
2026-04-08 19:35:26.504690 - Type changed: id
2026-04-08 19:35:26.504690 - Type changed: age
2026-04-08 19:35:26.513812 - Type changed: email
2026-04-08 19:35:26.516500 - Type changed: city
2026-04-08 19:35:26.518129 - Type changed: phone
2026-04-08 19:35:26.519517 - Type changed: salary
2026-04-08 19:35:26.521571 - Type changed: department
2026-04-08 19:35:26.524136 - Type changed: bonus
2026-04-08 19:35:26.524136 - Type changed: country
2026-04-08 19:35:26.531450 - Type changed: id
2026-04-08 19:35:26.533889 - Type changed: age
2026-04-08 19:35:26.537035 - Type changed: name
2026-04-08 19:35:26.540072 - Type changed: city
2026-04-08 19:35:26.540654 - Type changed: phone
2026-04-08 19:35:26.542124 - Type changed: salary
2026-04-08 19:35:26.544508 - Type changed: department
2026-04-08 19:35:26.546289 - Type changed: bonus
2026-04-08 19:35:26.548896 - Type changed: country
2026-04-08 19:35:26.552600 - Type changed: id
2026-04-08 19:35:26.552600 - Type changed: age
2026-04-08 19:35:26.552600 - Type changed: email
2026-04-08 19:35:26.559615 - Type changed: phone
2026-04-08 19:35:26.562259 - Type changed: salary
2026-04-08 19:35:26.563917 - Type changed: department
2026-04-08 19:35:26.563917 - Type changed: bonus
2026-04-08 19:35:26.568745 - Type changed: country
2026-04-08 19:35:26.570540 - Type changed: id
2026-04-08 19:35:26.572642 - Type changed: age
2026-04-08 19:35:26.574967 - Type changed: name
2026-04-08 19:35:26.577609 - Type changed: email
2026-04-08 19:35:26.579680 - Type changed: city
2026-04-08 19:35:26.582449 - Type changed: salary
2026-04-08 19:35:26.582449 - Type changed: department
2026-04-08 19:35:26.585643 - Type changed: bonus
2026-04-08 19:35:26.585643 - Type changed: country
2026-04-08 19:35:26.585643 - Type changed: id
2026-04-08 19:35:26.585643 - Type changed: age
2026-04-08 19:35:26.585643 - Type changed: name
2026-04-08 19:35:26.596812 - Type changed: city
2026-04-08 19:35:26.597498 - Type changed: phone
2026-04-08 19:35:26.597498 - Type changed: salary
2026-04-08 19:35:26.597498 - Type changed: department
2026-04-08 19:35:26.604405 - Type changed: bonus
2026-04-08 19:35:26.605296 - Type changed: country
2026-04-08 19:35:26.605296 - Type changed: id
2026-04-08 19:35:26.610024 - Type changed: age
2026-04-08 19:35:26.612687 - Type changed: name
2026-04-08 19:35:26.613504 - Type changed: email
2026-04-08 19:35:26.613504 - Type changed: city
2026-04-08 19:35:26.618300 - Type changed: phone
2026-04-08 19:35:26.618300 - Type changed: department
2026-04-08 19:35:26.620817 - Type changed: bonus
2026-04-08 19:35:26.622435 - Type changed: country
2026-04-08 19:35:26.626771 - Type changed: id
2026-04-08 19:35:26.630527 - Type changed: age
2026-04-08 19:35:26.633298 - Type changed: email
2026-04-08 19:35:26.634915 - Type changed: city
2026-04-08 19:35:26.636890 - Type changed: phone
2026-04-08 19:35:26.636890 - Type changed: salary
2026-04-08 19:35:26.646519 - Type changed: bonus
2026-04-08 19:35:26.646519 - Type changed: country
2026-04-08 19:35:26.651552 - Type changed: id
2026-04-08 19:35:26.651552 - Type changed: age
2026-04-08 19:35:26.651552 - Type changed: name
2026-04-08 19:35:26.658733 - Type changed: email
2026-04-08 19:35:26.658733 - Type changed: phone
2026-04-08 19:35:26.658733 - Type changed: salary
2026-04-08 19:35:26.663375 - Type changed: department
2026-04-08 19:35:26.663375 - Type changed: bonus
2026-04-08 19:35:26.668041 - Type changed: country
2026-04-08 19:35:26.670102 - Type changed: id
2026-04-08 19:35:26.670102 - Type changed: age
2026-04-08 19:35:26.670102 - Type changed: city
2026-04-08 19:35:26.676217 - Type changed: salary
2026-04-08 19:35:26.679124 - Type changed: department
2026-04-08 19:35:26.679124 - Type changed: bonus
2026-04-08 19:35:26.679124 - Type changed: country
2026-04-08 19:35:26.686069 - Type changed: id
2026-04-08 19:35:26.686069 - Type changed: age
2026-04-08 19:35:26.686069 - Type changed: name
2026-04-08 19:35:26.686069 - Type changed: email
2026-04-08 19:35:26.691052 - Type changed: city
2026-04-08 19:35:26.694569 - Type changed: phone
2026-04-08 19:35:26.694569 - Type changed: salary
2026-04-08 19:35:26.694569 - Type changed: department
2026-04-08 19:35:26.694569 - Type changed: bonus
2026-04-08 19:35:26.694569 - Type changed: country
2026-04-08 19:35:26.702767 - Type changed: id
2026-04-08 19:35:26.702767 - Type changed: age
2026-04-08 19:35:26.702767 - Type changed: name
2026-04-08 19:35:26.707080 - Type changed: email
2026-04-08 19:35:26.708532 - Type changed: city
2026-04-08 19:35:26.708532 - Type changed: phone
2026-04-08 19:35:26.712738 - Type changed: department
2026-04-08 19:35:26.713955 - Type changed: bonus
2026-04-08 19:35:26.713955 - Type changed: country
2026-04-08 19:35:26.713955 - Type changed: id
2026-04-08 19:35:26.720503 - Type changed: age
2026-04-08 19:35:26.720503 - Type changed: name
2026-04-08 19:35:26.720503 - Type changed: email
2026-04-08 19:35:26.720503 - Type changed: city
2026-04-08 19:35:26.726038 - Type changed: phone
2026-04-08 19:35:26.728468 - Type changed: salary
2026-04-08 19:35:26.729875 - Type changed: department
2026-04-08 19:35:26.729875 - Type changed: bonus
2026-04-08 19:35:26.733396 - Type changed: id
2026-04-08 19:35:26.736691 - Type changed: age
2026-04-08 19:35:26.736691 - Type changed: email
2026-04-08 19:35:26.739194 - Type changed: phone
2026-04-08 19:35:26.739194 - Type changed: salary
2026-04-08 19:35:26.742275 - Type changed: department
2026-04-08 19:35:26.742275 - Type changed: bonus
2026-04-08 19:35:26.746334 - Type changed: country
2026-04-08 19:35:26.750172 - Type changed: id
2026-04-08 19:35:26.750706 - Type changed: age
2026-04-08 19:35:26.750706 - Type changed: name
2026-04-08 19:35:26.750706 - Type changed: city
2026-04-08 19:35:26.750706 - Type changed: phone
2026-04-08 19:35:26.750706 - Type changed: salary
2026-04-08 19:35:26.750706 - Type changed: department
2026-04-08 19:35:26.761173 - Type changed: bonus
2026-04-08 19:35:26.762991 - Type changed: country
2026-04-08 19:35:26.765458 - Type changed: id
2026-04-08 19:35:26.768830 - Type changed: age
2026-04-08 19:35:26.768830 - Type changed: name
2026-04-08 19:35:26.771322 - Type changed: email
2026-04-08 19:35:26.771322 - Type changed: city
2026-04-08 19:35:26.775810 - Type changed: phone
2026-04-08 19:35:26.777909 - Type changed: bonus
2026-04-08 19:35:26.777909 - Type changed: country
2026-04-08 19:42:02.575529 - Added field: id
2026-04-08 19:42:02.581863 - Added field: age
2026-04-08 19:42:02.586420 - Added field: name
2026-04-08 19:42:02.590078 - Added field: email
2026-04-08 19:42:02.594376 - Added field: city
2026-04-08 19:42:02.596235 - Added field: phone
2026-04-08 19:42:02.598807 - Added field: salary
2026-04-08 19:42:02.601264 - Added field: department
2026-04-08 19:42:02.603015 - Added field: bonus
2026-04-08 19:42:02.605565 - Added field: country
2026-04-08 19:42:02.621300 - Type changed: name
2026-04-08 19:42:02.622809 - Type changed: email
2026-04-08 19:42:02.626163 - Type changed: city
2026-04-08 19:42:02.629428 - Type changed: name
2026-04-08 19:42:02.632547 - Type changed: phone
2026-04-08 19:42:02.636444 - Type changed: age
2026-04-08 19:42:02.638314 - Type changed: name
2026-04-08 19:42:02.640085 - Type changed: email
2026-04-08 19:42:02.644614 - Type changed: age
2026-04-08 19:42:02.647509 - Type changed: name
2026-04-08 19:42:02.649126 - Type changed: salary
2026-04-08 19:42:02.652407 - Type changed: department
2026-04-08 19:42:02.656144 - Type changed: age
2026-04-08 19:42:02.659900 - Type changed: name
2026-04-08 19:42:02.662839 - Type changed: city
2026-04-08 19:42:02.666262 - Type changed: age
2026-04-08 19:42:02.666262 - Type changed: email
2026-04-08 19:42:02.666262 - Type changed: phone
2026-04-08 19:42:02.680454 - Type changed: name
2026-04-08 19:42:02.682314 - Type changed: bonus
2026-04-08 19:42:02.683793 - Type changed: name
2026-04-08 19:42:02.687515 - Type changed: salary
2026-04-08 19:42:02.690800 - Type changed: age
2026-04-08 19:42:02.698612 - Type changed: name
2026-04-08 19:42:02.701472 - Type changed: country
2026-04-08 19:42:02.705402 - Type changed: city
2026-04-08 19:42:02.707445 - Type changed: age
2026-04-08 19:42:02.707445 - Type changed: name
2026-04-08 19:42:02.712078 - Type changed: email
2026-04-08 19:42:02.714966 - Type changed: name
2026-04-08 19:42:02.714966 - Type changed: salary
2026-04-08 19:42:02.720540 - Type changed: department
2026-04-10 12:11:43.214668 - Added field: id
2026-04-10 12:11:43.321533 - Added field: age
2026-04-10 12:11:43.323760 - Added field: name
2026-04-10 12:11:43.323760 - Added field: email
2026-04-10 12:11:43.327724 - Added field: city
2026-04-10 12:11:43.330264 - Added field: phone
2026-04-10 12:11:43.331370 - Added field: salary
2026-04-10 12:11:43.333124 - Added field: department
2026-04-10 12:11:43.334383 - Added field: bonus
2026-04-10 12:11:43.336637 - Added field: country
2026-04-10 12:11:43.340969 - Type changed: name
2026-04-10 12:11:43.342937 - Type changed: email
2026-04-10 12:11:43.345305 - Type changed: city
2026-04-10 12:11:43.348820 - Type changed: name
2026-04-10 12:11:43.351471 - Type changed: phone
2026-04-10 12:11:43.355259 - Type changed: age
2026-04-10 12:11:43.358059 - Type changed: name
2026-04-10 12:11:43.360066 - Type changed: email
2026-04-10 12:11:43.366067 - Type changed: age
2026-04-10 12:11:43.368066 - Type changed: name
2026-04-10 12:11:43.368731 - Type changed: salary
2026-04-10 12:11:43.373285 - Type changed: department
2026-04-10 12:11:43.373285 - Type changed: age
2026-04-10 12:11:43.380806 - Type changed: name
2026-04-10 12:11:43.380806 - Type changed: city
2026-04-10 12:11:43.387313 - Type changed: age
2026-04-10 12:11:43.390125 - Type changed: email
2026-04-10 12:11:43.390125 - Type changed: phone
2026-04-10 12:11:43.395426 - Type changed: name
2026-04-10 12:11:43.398112 - Type changed: bonus
2026-04-10 12:11:43.399736 - Type changed: name
2026-04-10 12:11:43.404687 - Type changed: salary
2026-04-10 12:11:43.407229 - Type changed: age
2026-04-10 12:11:43.409952 - Type changed: name
2026-04-10 12:11:43.411160 - Type changed: country
2026-04-10 12:11:43.414516 - Type changed: city
2026-04-10 12:11:43.416571 - Type changed: age
2026-04-10 12:11:43.421665 - Type changed: name
2026-04-10 12:11:43.423776 - Type changed: email
2026-04-10 12:11:43.423776 - Type changed: name
2026-04-10 12:11:43.429772 - Type changed: salary
2026-04-10 12:11:43.431477 - Type changed: department
2026-04-10 14:01:51.581894 - Added field: id
2026-04-10 14:01:51.646873 - Added field: name
2026-04-10 14:01:51.656560 - Added field: age
2026-04-10 14:01:51.658569 - Added field: email
2026-04-10 14:01:51.663454 - Added field: salary
2026-04-10 14:01:51.685459 - Type changed: age
2026-04-10 14:12:18.637882 - Added field: id
2026-04-10 14:12:18.639878 - Added field: name
2026-04-10 14:12:18.645886 - Added field: age
2026-04-10 14:12:18.651257 - Added field: email
2026-04-10 14:12:18.657313 - Added field: salary
2026-04-10 14:12:18.671660 - Type changed: age
2026-04-10 14:21:37.266899 - Added field: id
2026-04-10 14:21:37.266899 - Added field: age
2026-04-10 14:21:37.266899 - Added field: name
2026-04-10 14:21:37.283182 - Added field: email
2026-04-10 14:21:37.287179 - Added field: city
2026-04-10 14:21:37.292185 - Added field: phone
2026-04-10 14:21:37.297467 - Added field: salary
2026-04-10 14:21:37.301465 - Added field: department
2026-04-10 14:21:37.306690 - Added field: bonus
2026-04-10 14:21:37.307859 - Added field: country
2026-04-10 14:21:37.332369 - Type changed: name
2026-04-10 14:21:37.332369 - Type changed: email
2026-04-10 14:21:37.332369 - Type changed: city
2026-04-10 14:21:37.332369 - Type changed: name
2026-04-10 14:21:37.345933 - Type changed: phone
2026-04-10 14:21:37.351956 - Type changed: age
2026-04-10 14:21:37.352993 - Type changed: name
2026-04-10 14:21:37.354967 - Type changed: email
2026-04-10 14:21:37.358969 - Type changed: age
2026-04-10 14:21:37.360969 - Type changed: name
2026-04-10 14:21:37.362585 - Type changed: salary
2026-04-10 14:21:37.366864 - Type changed: department
2026-04-10 14:21:37.374209 - Type changed: age
2026-04-10 14:21:37.375233 - Type changed: name
2026-04-10 14:21:37.375233 - Type changed: city
2026-04-10 14:21:37.385358 - Type changed: age
2026-04-10 14:21:37.386359 - Type changed: email
2026-04-10 14:21:37.389365 - Type changed: phone
2026-04-10 14:21:37.396360 - Type changed: name
2026-04-10 14:21:37.398365 - Type changed: bonus
2026-04-10 14:21:37.410370 - Type changed: name
2026-04-10 14:21:37.412360 - Type changed: salary
2026-04-10 14:21:37.418359 - Type changed: age
2026-04-10 14:21:37.419376 - Type changed: name
2026-04-10 14:21:37.423364 - Type changed: country
2026-04-10 14:21:37.429576 - Type changed: city
2026-04-10 14:21:37.435575 - Type changed: age
2026-04-10 14:21:37.438579 - Type changed: name
2026-04-10 14:21:37.442593 - Type changed: email
2026-04-10 14:21:37.448831 - Type changed: name
2026-04-10 14:21:37.451836 - Type changed: salary
2026-04-10 14:21:37.455848 - Type changed: department
2026-04-16 11:28:51.468008 - Added field: id
2026-04-16 11:28:51.551676 - Added field: age
2026-04-16 11:28:51.554241 - Added field: name
2026-04-16 11:28:51.554241 - Added field: email
2026-04-16 11:28:51.562072 - Added field: city
2026-04-16 11:28:51.566882 - Added field: phone
2026-04-16 11:28:51.572604 - Added field: salary
2026-04-16 11:28:51.575142 - Added field: department
2026-04-16 11:28:51.576982 - Added field: bonus
2026-04-16 11:28:51.581895 - Added field: country
2026-04-16 11:28:51.581895 - Type changed: name
2026-04-16 11:28:51.581895 - Type changed: email
2026-04-16 11:28:51.597549 - Type changed: age
2026-04-16 11:28:51.597549 - Type changed: city
2026-04-16 11:28:51.597549 - Type changed: name
2026-04-16 11:28:51.608669 - Type changed: phone
2026-04-16 11:28:51.616148 - Type changed: age
2026-04-16 11:28:51.617254 - Type changed: name
2026-04-16 11:28:51.620624 - Type changed: email
2026-04-16 11:28:51.624292 - Type changed: age
2026-04-16 11:28:51.628373 - Type changed: name
2026-04-16 11:28:51.631010 - Type changed: salary
2026-04-16 11:28:51.633521 - Type changed: department
2026-04-16 11:28:51.640492 - Type changed: age
2026-04-16 11:28:51.641999 - Type changed: name
2026-04-16 11:28:51.646089 - Type changed: city
2026-04-16 11:28:51.651883 - Type changed: age
2026-04-16 11:28:51.651883 - Type changed: email
2026-04-16 11:28:51.651883 - Type changed: phone
2026-04-16 11:28:51.670964 - Type changed: name
2026-04-16 11:28:51.673980 - Type changed: bonus
2026-04-16 11:28:51.678331 - Type changed: name
2026-04-16 11:28:51.681195 - Type changed: city
2026-04-16 11:28:51.685999 - Type changed: age
2026-04-16 11:28:51.685999 - Type changed: country
2026-04-16 11:28:51.692151 - Type changed: name
2026-04-16 11:28:51.693506 - Type changed: salary
2026-04-16 11:28:51.701113 - Type changed: age
2026-04-16 11:28:51.702577 - Type changed: name
2026-04-16 11:28:51.703851 - Type changed: email
2026-04-16 11:28:51.706637 - Type changed: phone
2026-04-16 11:28:51.706637 - Type changed: name
2026-04-16 11:28:51.711818 - Type changed: department
2026-04-16 11:51:31.572263 - Added field: id
2026-04-16 11:51:31.663540 - Added field: age
2026-04-16 11:51:31.667247 - Added field: name
2026-04-16 11:51:31.670151 - Added field: email
2026-04-16 11:51:31.671674 - Added field: city
2026-04-16 11:51:31.674464 - Added field: phone
2026-04-16 11:51:31.677015 - Added field: salary
2026-04-16 11:51:31.677015 - Added field: department
2026-04-16 11:51:31.677015 - Added field: bonus
2026-04-16 11:51:31.685028 - Added field: country
2026-04-16 11:51:31.689831 - Type changed: name
2026-04-16 11:51:31.693427 - Type changed: email
2026-04-16 11:51:31.698507 - Type changed: age
2026-04-16 11:51:31.701227 - Type changed: city
2026-04-16 11:51:31.704866 - Type changed: name
2026-04-16 11:51:31.705681 - Type changed: phone
2026-04-16 11:51:31.709769 - Type changed: age
2026-04-16 11:51:31.711955 - Type changed: name
2026-04-16 11:51:31.711955 - Type changed: email
2026-04-16 11:51:31.715331 - Type changed: age
2026-04-16 11:51:31.715331 - Type changed: name
2026-04-16 11:51:31.720436 - Type changed: salary
2026-04-16 11:51:31.724165 - Type changed: department
2026-04-16 11:51:31.726079 - Type changed: age
2026-04-16 11:51:31.726079 - Type changed: name
2026-04-16 11:51:31.731846 - Type changed: city
2026-04-16 11:51:31.733847 - Type changed: age
2026-04-16 11:51:31.733847 - Type changed: email
2026-04-16 11:51:31.733847 - Type changed: phone
2026-04-16 11:51:31.741125 - Type changed: name
2026-04-16 11:51:31.741125 - Type changed: bonus
2026-04-16 11:51:31.747933 - Type changed: name
2026-04-16 11:51:31.749528 - Type changed: city
2026-04-16 11:51:31.753040 - Type changed: age
2026-04-16 11:51:31.753040 - Type changed: country
2026-04-16 11:51:31.757811 - Type changed: name
2026-04-16 11:51:31.757811 - Type changed: salary
2026-04-16 11:51:31.763421 - Type changed: age
2026-04-16 11:51:31.766471 - Type changed: name
2026-04-16 11:51:31.768020 - Type changed: email
2026-04-16 11:51:31.770117 - Type changed: phone
2026-04-16 11:51:31.770117 - Type changed: name
2026-04-16 11:51:31.775686 - Type changed: department
2026-04-16 12:04:02.990669 - Type changed: name
2026-04-16 12:04:02.995121 - Type changed: email
2026-04-16 12:04:03.001856 - Type changed: age
2026-04-16 12:04:03.010359 - Type changed: city
2026-04-16 12:04:03.025493 - Type changed: name
2026-04-16 12:04:03.029453 - Type changed: phone
2026-04-16 12:04:03.034488 - Type changed: age
2026-04-16 12:04:03.035739 - Type changed: name
2026-04-16 12:04:03.038294 - Type changed: email
2026-04-16 12:04:03.044780 - Type changed: age
2026-04-16 12:04:03.048633 - Type changed: name
2026-04-16 12:04:03.050623 - Type changed: salary
2026-04-16 12:04:03.054274 - Type changed: department
2026-04-16 12:04:03.061941 - Type changed: age
2026-04-16 12:04:03.063919 - Type changed: name
2026-04-16 12:04:03.066124 - Type changed: city
2026-04-16 12:04:03.068824 - Type changed: age
2026-04-16 12:04:03.068824 - Type changed: email
2026-04-16 12:04:03.075005 - Type changed: phone
2026-04-16 12:04:03.076484 - Type changed: name
2026-04-16 12:04:03.082534 - Type changed: bonus
2026-04-16 12:04:03.085644 - Type changed: name
2026-04-16 12:04:03.085644 - Type changed: city
2026-04-16 12:04:03.091169 - Type changed: age
2026-04-16 12:04:03.091169 - Type changed: country
2026-04-16 12:04:03.099350 - Type changed: name
2026-04-16 12:04:03.099350 - Type changed: salary
2026-04-16 12:04:03.108128 - Type changed: age
2026-04-16 12:04:03.115869 - Type changed: name
2026-04-16 12:04:03.118375 - Type changed: email
2026-04-16 12:04:03.118375 - Type changed: phone
2026-04-16 12:04:03.125296 - Type changed: name
2026-04-16 12:04:03.125296 - Type changed: department
2026-04-16 12:23:54.968756 - Type changed: name
2026-04-16 12:23:54.977645 - Type changed: email
2026-04-16 12:23:54.977645 - Type changed: age
2026-04-16 12:23:54.984062 - Type changed: city
2026-04-16 12:23:54.984062 - Type changed: name
2026-04-16 12:23:54.988420 - Type changed: phone
2026-04-16 12:23:54.991304 - Type changed: age
2026-04-16 12:23:54.992029 - Type changed: name
2026-04-16 12:23:54.992029 - Type changed: email
2026-04-16 12:23:54.999436 - Type changed: age
2026-04-16 12:23:55.000555 - Type changed: name
2026-04-16 12:23:55.001919 - Type changed: salary
2026-04-16 12:23:55.006847 - Type changed: department
2026-04-16 12:23:55.011500 - Type changed: age
2026-04-16 12:23:55.011500 - Type changed: name
2026-04-16 12:23:55.011500 - Type changed: city
2026-04-16 12:23:55.019597 - Type changed: age
2026-04-16 12:23:55.019597 - Type changed: email
2026-04-16 12:23:55.024551 - Type changed: phone
2026-04-16 12:23:55.027783 - Type changed: name
2026-04-16 12:23:55.027783 - Type changed: bonus
2026-04-16 12:23:55.027783 - Type changed: name
2026-04-16 12:23:55.035839 - Type changed: city
2026-04-16 12:23:55.041210 - Type changed: age
2026-04-16 12:23:55.042368 - Type changed: country
2026-04-16 12:23:55.044125 - Type changed: name
2026-04-16 12:23:55.044125 - Type changed: salary
2026-04-16 12:23:55.052417 - Type changed: age
2026-04-16 12:23:55.052417 - Type changed: name
2026-04-16 12:23:55.055497 - Type changed: email
2026-04-16 12:23:55.058017 - Type changed: phone
2026-04-16 12:23:55.060256 - Type changed: name
2026-04-16 12:23:55.060256 - Type changed: department
2026-04-16 12:28:53.163782 - Type changed: name
2026-04-16 12:28:53.178644 - Type changed: email
2026-04-16 12:28:53.180560 - Type changed: age
2026-04-16 12:28:53.199665 - Type changed: city
2026-04-16 12:28:53.207890 - Type changed: name
2026-04-16 12:28:53.216149 - Type changed: phone
2026-04-16 12:28:53.224903 - Type changed: age
2026-04-16 12:28:53.224903 - Type changed: name
2026-04-16 12:28:53.232589 - Type changed: email
2026-04-16 12:28:53.242590 - Type changed: age
2026-04-16 12:28:53.242590 - Type changed: name
2026-04-16 12:28:53.249280 - Type changed: salary
2026-04-16 12:28:53.259077 - Type changed: department
2026-04-16 12:28:53.259077 - Type changed: age
2026-04-16 12:28:53.273631 - Type changed: name
2026-04-16 12:28:53.274922 - Type changed: city
2026-04-16 12:28:53.282147 - Type changed: age
2026-04-16 12:28:53.282147 - Type changed: email
2026-04-16 12:28:53.290399 - Type changed: phone
2026-04-16 12:28:53.298685 - Type changed: name
2026-04-16 12:28:53.298685 - Type changed: bonus
2026-04-16 12:28:53.312307 - Type changed: name
2026-04-16 12:28:53.314746 - Type changed: city
2026-04-16 12:28:53.324862 - Type changed: age
2026-04-16 12:28:53.324862 - Type changed: country
2026-04-16 12:28:53.333166 - Type changed: name
2026-04-16 12:28:53.333166 - Type changed: salary
2026-04-16 12:28:53.342582 - Type changed: age
2026-04-16 12:28:53.349826 - Type changed: name
2026-04-16 12:28:53.349826 - Type changed: email
2026-04-16 12:28:53.359147 - Type changed: phone
2026-04-16 12:28:53.366893 - Type changed: name
2026-04-16 12:28:53.371363 - Type changed: department
2026-04-16 12:37:27.963886 - Type changed: name
2026-04-16 12:37:27.970091 - Type changed: email
2026-04-16 12:37:27.976634 - Type changed: age
2026-04-16 12:37:27.983151 - Type changed: city
2026-04-16 12:37:27.990172 - Type changed: name
2026-04-16 12:37:27.990172 - Type changed: phone
2026-04-16 12:37:27.998682 - Type changed: age
2026-04-16 12:37:28.008167 - Type changed: name
2026-04-16 12:37:28.009302 - Type changed: email
2026-04-16 12:37:28.020511 - Type changed: age
2026-04-16 12:37:28.024806 - Type changed: name
2026-04-16 12:37:28.027217 - Type changed: salary
2026-04-16 12:37:28.039178 - Type changed: department
2026-04-16 12:37:28.049692 - Type changed: age
2026-04-16 12:37:28.049692 - Type changed: name
2026-04-16 12:37:28.059281 - Type changed: city
2026-04-16 12:37:28.066538 - Type changed: age
2026-04-16 12:37:28.066538 - Type changed: email
2026-04-16 12:37:28.072441 - Type changed: phone
2026-04-16 12:37:28.083945 - Type changed: name
2026-04-16 12:37:28.083945 - Type changed: bonus
2026-04-16 12:37:28.092055 - Type changed: name
2026-04-16 12:37:28.092055 - Type changed: city
2026-04-16 12:37:28.099322 - Type changed: age
2026-04-16 12:37:28.110267 - Type changed: country
2026-04-16 12:37:28.149730 - Type changed: name
2026-04-16 12:37:28.154005 - Type changed: salary
2026-04-16 12:37:28.166682 - Type changed: age
2026-04-16 12:37:28.172937 - Type changed: name
2026-04-16 12:37:28.177932 - Type changed: email
2026-04-16 12:37:28.182823 - Type changed: name
2026-04-16 12:37:28.192143 - Type changed: department
2026-04-16 12:37:48.810344 - Type changed: name
2026-04-16 12:37:48.813942 - Type changed: email
2026-04-16 12:37:48.828212 - Type changed: age
2026-04-16 12:37:48.836699 - Type changed: city
2026-04-16 12:37:48.859819 - Type changed: name
2026-04-16 12:37:48.862435 - Type changed: phone
2026-04-16 12:37:48.866079 - Type changed: age
2026-04-16 12:37:48.876389 - Type changed: name
2026-04-16 12:37:48.876389 - Type changed: email
2026-04-16 12:37:48.891280 - Type changed: age
2026-04-16 12:37:48.908555 - Type changed: name
2026-04-16 12:37:48.920440 - Type changed: salary
2026-04-16 12:37:48.931621 - Type changed: department
2026-04-16 12:37:48.941349 - Type changed: age
2026-04-16 12:37:48.941349 - Type changed: name
2026-04-16 12:37:48.950993 - Type changed: city
2026-04-16 12:37:48.962628 - Type changed: age
2026-04-16 12:37:48.965099 - Type changed: email
2026-04-16 12:37:48.965099 - Type changed: phone
2026-04-16 12:37:48.981223 - Type changed: name
2026-04-16 12:37:48.985279 - Type changed: bonus
2026-04-16 12:37:48.991602 - Type changed: name
2026-04-16 12:37:48.999783 - Type changed: city
2026-04-16 12:37:49.008333 - Type changed: age
2026-04-16 12:37:49.015475 - Type changed: country
2026-04-16 12:37:49.028182 - Type changed: name
2026-04-16 12:37:49.030482 - Type changed: salary
2026-04-16 12:37:49.041473 - Type changed: age
2026-04-16 12:37:49.041473 - Type changed: name
2026-04-16 12:37:49.047099 - Type changed: email
2026-04-16 12:37:49.063933 - Type changed: phone
2026-04-16 12:37:49.075479 - Type changed: name
2026-04-16 12:37:49.094259 - Type changed: department
2026-04-16 12:38:03.027965 - Type changed: name
2026-04-16 12:38:03.035891 - Type changed: email
2026-04-16 12:38:03.046854 - Type changed: age
2026-04-16 12:38:03.052573 - Type changed: city
2026-04-16 12:38:03.073114 - Type changed: name
2026-04-16 12:38:03.078838 - Type changed: phone
2026-04-16 12:38:03.093269 - Type changed: age
2026-04-16 12:38:03.099890 - Type changed: name
2026-04-16 12:38:03.103366 - Type changed: email
2026-04-16 12:38:03.114744 - Type changed: age
2026-04-16 12:38:03.118966 - Type changed: name
2026-04-16 12:38:03.124891 - Type changed: salary
2026-04-16 12:38:03.134722 - Type changed: department
2026-04-16 12:38:03.145233 - Type changed: age
2026-04-16 12:38:03.150197 - Type changed: name
2026-04-16 12:38:03.154470 - Type changed: city
2026-04-16 12:38:03.164625 - Type changed: age
2026-04-16 12:38:03.168658 - Type changed: email
2026-04-16 12:38:03.173075 - Type changed: phone
2026-04-16 12:38:03.187451 - Type changed: name
2026-04-16 12:38:03.193231 - Type changed: bonus
2026-04-16 12:38:03.202940 - Type changed: name
2026-04-16 12:38:03.207275 - Type changed: city
2026-04-16 12:38:03.220177 - Type changed: age
2026-04-16 12:38:03.228024 - Type changed: country
2026-04-16 12:38:03.242694 - Type changed: name
2026-04-16 12:38:03.251955 - Type changed: salary
2026-04-16 12:38:03.263073 - Type changed: age
2026-04-16 12:38:03.270451 - Type changed: name
2026-04-16 12:38:03.283300 - Type changed: email
2026-04-16 12:38:03.294624 - Type changed: name
2026-04-16 12:38:03.305734 - Type changed: department
2026-04-16 12:40:09.195250 - Type changed: name
2026-04-16 12:40:09.203072 - Type changed: email
2026-04-16 12:40:09.214322 - Type changed: age
2026-04-16 12:40:09.216398 - Type changed: city
2026-04-16 12:40:09.227660 - Type changed: name
2026-04-16 12:40:09.229199 - Type changed: phone
2026-04-16 12:40:09.241968 - Type changed: age
2026-04-16 12:40:09.250488 - Type changed: name
2026-04-16 12:40:09.256745 - Type changed: email
2026-04-16 12:40:09.265143 - Type changed: age
2026-04-16 12:40:09.268492 - Type changed: name
2026-04-16 12:40:09.272647 - Type changed: salary
2026-04-16 12:40:09.282466 - Type changed: department
2026-04-16 12:40:09.316782 - Type changed: age
2026-04-16 12:40:09.318993 - Type changed: name
2026-04-16 12:40:09.321699 - Type changed: city
2026-04-16 12:40:09.334878 - Type changed: age
2026-04-16 12:40:09.334878 - Type changed: email
2026-04-16 12:40:09.344923 - Type changed: phone
2026-04-16 12:40:09.353072 - Type changed: name
2026-04-16 12:40:09.355776 - Type changed: bonus
2026-04-16 12:40:09.359242 - Type changed: name
2026-04-16 12:40:09.367294 - Type changed: city
2026-04-16 12:40:09.367294 - Type changed: age
2026-04-16 12:40:09.417826 - Type changed: country
2026-04-16 12:40:09.432270 - Type changed: name
2026-04-16 12:40:09.433492 - Type changed: salary
2026-04-16 12:40:09.443573 - Type changed: age
2026-04-16 12:40:09.443573 - Type changed: name
2026-04-16 12:40:09.449598 - Type changed: email
2026-04-16 12:40:09.449598 - Type changed: phone
2026-04-16 12:40:09.458913 - Type changed: name
2026-04-16 12:40:09.463037 - Type changed: department
2026-04-16 12:42:56.349676 - Type changed: name
2026-04-16 12:42:56.354021 - Type changed: email
2026-04-16 12:42:56.366214 - Type changed: age
2026-04-16 12:42:56.368239 - Type changed: city
2026-04-16 12:42:56.375373 - Type changed: name
2026-04-16 12:42:56.382578 - Type changed: phone
2026-04-16 12:42:56.388645 - Type changed: age
2026-04-16 12:42:56.392036 - Type changed: name
2026-04-16 12:42:56.395694 - Type changed: email
2026-04-16 12:42:56.398801 - Type changed: age
2026-04-16 12:42:56.408179 - Type changed: name
2026-04-16 12:42:56.453735 - Type changed: salary
2026-04-16 12:42:56.477828 - Type changed: department
2026-04-16 12:42:56.487301 - Type changed: age
2026-04-16 12:42:56.490884 - Type changed: name
2026-04-16 12:42:56.497720 - Type changed: city
2026-04-16 12:42:56.509426 - Type changed: age
2026-04-16 12:42:56.514304 - Type changed: email
2026-04-16 12:42:56.518343 - Type changed: phone
2026-04-16 12:42:56.526702 - Type changed: name
2026-04-16 12:42:56.528872 - Type changed: bonus
2026-04-16 12:42:56.538694 - Type changed: name
2026-04-16 12:42:56.542262 - Type changed: city
2026-04-16 12:42:56.545503 - Type changed: age
2026-04-16 12:42:56.553179 - Type changed: country
2026-04-16 12:42:56.560932 - Type changed: name
2026-04-16 12:42:56.564970 - Type changed: salary
2026-04-16 12:42:56.574976 - Type changed: age
2026-04-16 12:42:56.577459 - Type changed: name
2026-04-16 12:42:56.577459 - Type changed: email
2026-04-16 12:42:56.586411 - Type changed: phone
2026-04-16 12:42:56.596021 - Type changed: name
2026-04-16 12:42:56.598425 - Type changed: department
2026-04-16 13:24:02.454403 - Added field: id
2026-04-16 13:24:02.569233 - Added field: product
2026-04-16 13:24:02.569233 - Added field: price
2026-04-16 13:24:02.569233 - Added field: category
2026-04-16 13:24:02.569233 - Added field: brand
2026-04-16 13:24:02.588663 - Added field: os
2026-04-16 13:24:02.593705 - Added field: warranty
2026-04-16 13:24:02.599236 - Added field: discount
2026-04-16 13:24:02.624775 - Type changed: brand
2026-04-16 13:24:02.638841 - Type changed: price
2026-04-16 13:24:02.643867 - Type changed: os
2026-04-16 13:24:02.655008 - Type changed: category
2026-04-16 13:24:02.662977 - Type changed: os
2026-04-16 13:24:02.668753 - Type changed: product
2026-04-16 13:24:02.672750 - Type changed: price
2026-04-16 13:24:02.679433 - Type changed: category
2026-04-16 13:24:02.684424 - Type changed: price
2026-04-16 13:24:02.684424 - Type changed: os
2026-04-16 13:24:42.187772 - Type changed: brand
2026-04-16 13:24:42.197297 - Type changed: price
2026-04-16 13:24:42.202295 - Type changed: os
2026-04-16 13:24:42.212294 - Type changed: category
2026-04-16 13:24:42.222319 - Type changed: os
2026-04-16 13:24:42.230320 - Type changed: product
2026-04-16 13:24:42.234822 - Type changed: price
2026-04-16 13:24:42.237820 - Type changed: category
2026-04-16 13:24:42.249871 - Type changed: price
2026-04-16 13:24:42.252902 - Type changed: os
2026-04-16 13:31:49.373781 - Added field: name
2026-04-16 13:31:49.373781 - Added field: age
2026-04-16 13:31:49.383748 - Added field: disease
2026-04-16 13:31:49.387730 - Added field: medicine
2026-04-16 13:31:49.392749 - Added field: hospital
2026-04-16 13:31:49.397745 - Added field: country
2026-04-16 13:31:49.416557 - Type changed: age
2026-04-16 13:31:49.431706 - Type changed: disease
2026-04-16 13:31:49.433508 - Type changed: medicine
2026-04-16 13:31:49.449294 - Type changed: name
2026-04-16 13:31:49.451249 - Type changed: age
2026-04-16 13:31:49.455058 - Type changed: disease
2026-04-16 13:31:49.465830 - Type changed: medicine
2026-04-16 13:31:49.468950 - Type changed: country
2026-04-16 13:31:49.478951 - Type changed: age
2026-04-16 13:31:49.482480 - Type changed: disease
2026-04-16 13:31:49.487497 - Type changed: country
2026-04-16 13:34:15.339339 - Type changed: brand
2026-04-16 13:34:15.359634 - Type changed: price
2026-04-16 13:34:15.366538 - Type changed: os
2026-04-16 13:34:15.382337 - Type changed: category
2026-04-16 13:34:15.391998 - Type changed: os
2026-04-16 13:34:15.400845 - Type changed: product
2026-04-16 13:34:15.407347 - Type changed: price
2026-04-16 13:34:15.418400 - Type changed: category
2026-04-16 13:34:15.440002 - Type changed: price
2026-04-16 13:34:15.440002 - Type changed: os
2026-04-16 13:34:54.035069 - Type changed: brand
2026-04-16 13:34:54.055485 - Type changed: price
2026-04-16 13:34:54.063665 - Type changed: os
2026-04-16 13:34:54.082580 - Type changed: category
2026-04-16 13:34:54.089041 - Type changed: os
2026-04-16 13:34:54.099821 - Type changed: product
2026-04-16 13:34:54.115840 - Type changed: price
2026-04-16 13:34:54.115840 - Type changed: category
2026-04-16 13:34:54.138480 - Type changed: price
2026-04-16 13:34:54.140544 - Type changed: os
2026-04-16 13:37:04.371732 - Type changed: brand
2026-04-16 13:37:04.382744 - Type changed: price
2026-04-16 13:37:04.386757 - Type changed: os
2026-04-16 13:37:04.396734 - Type changed: category
2026-04-16 13:37:04.409004 - Type changed: os
2026-04-16 13:37:04.417841 - Type changed: product
2026-04-16 13:37:04.420822 - Type changed: price
2026-04-16 13:37:04.420822 - Type changed: category
2026-04-16 13:37:04.441474 - Type changed: price
2026-04-16 13:37:04.444205 - Type changed: os
2026-04-16 13:37:15.241448 - Type changed: age
2026-04-16 13:37:15.245097 - Type changed: disease
2026-04-16 13:37:15.264354 - Type changed: medicine
2026-04-16 13:37:15.267441 - Type changed: name
2026-04-16 13:37:15.267441 - Type changed: age
2026-04-16 13:37:15.284696 - Type changed: disease
2026-04-16 13:37:15.294712 - Type changed: medicine
2026-04-16 13:37:15.298713 - Type changed: country
2026-04-16 13:37:15.307698 - Type changed: age
2026-04-16 13:37:15.310854 - Type changed: disease
2026-04-16 13:37:15.312628 - Type changed: country
2026-04-16 13:39:20.846285 - Added field: amount
2026-04-16 13:39:20.851715 - Added field: transaction_type
2026-04-16 13:39:20.853091 - Added field: channel
2026-04-16 13:39:20.853091 - Added field: mode
2026-04-16 13:39:20.887824 - Type changed: channel
2026-04-16 13:39:20.904695 - Type changed: amount
2026-04-16 13:39:20.904695 - Type changed: mode
2026-04-16 13:39:20.919177 - Type changed: transaction_type
2026-04-16 13:39:20.924756 - Type changed: name
2026-04-16 13:39:20.935130 - Type changed: country
2026-04-16 13:39:20.935130 - Type changed: amount
2026-04-16 13:39:20.949001 - Type changed: transaction_type
2026-04-16 13:39:20.953026 - Type changed: country
2026-04-16 13:40:41.818762 - Type changed: channel
2026-04-16 13:40:41.834273 - Type changed: amount
2026-04-16 13:40:41.839090 - Type changed: mode
2026-04-16 13:40:41.851322 - Type changed: transaction_type
2026-04-16 13:40:41.861346 - Type changed: name
2026-04-16 13:40:41.873770 - Type changed: country
2026-04-16 13:40:41.884901 - Type changed: amount
2026-04-16 13:40:41.889458 - Type changed: transaction_type
2026-04-16 13:40:41.889458 - Type changed: country
